#
# There is insufficient memory for the Java Runtime Environment to continue.
# Native memory allocation (malloc) failed to allocate 32744 bytes for ChunkPool::allocate
# Possible reasons:
#   The system is out of physical RAM or swap space
#   In 32 bit mode, the process size limit was hit
# Possible solutions:
#   Reduce memory load on the system
#   Increase physical memory or swap space
#   Check if swap backing store is full
#   Use 64 bit Java on a 64 bit OS
#   Decrease Java heap size (-Xmx/-Xms)
#   Decrease number of Java threads
#   Decrease Java thread stack sizes (-Xss)
#   Set larger code cache with -XX:ReservedCodeCacheSize=
# This output file may be truncated or incomplete.
#
#  Out of Memory Error (allocation.cpp:273), pid=20200, tid=0x0000000000004e14
#
# JRE version: Java(TM) SE Runtime Environment (8.0_144-b01) (build 1.8.0_144-b01)
# Java VM: Java HotSpot(TM) 64-Bit Server VM (25.144-b01 mixed mode windows-amd64 compressed oops)
# Failed to write core dump. Minidumps are not enabled by default on client versions of Windows
#

---------------  T H R E A D  ---------------

Current thread (0x0000000015b21800):  JavaThread "C2 CompilerThread0" daemon [_thread_in_native, id=19988, stack(0x0000000017900000,0x0000000017a00000)]

Stack: [0x0000000017900000,0x0000000017a00000]
[error occurred during error reporting (printing stack bounds), id 0xc0000005]

Native frames: (J=compiled Java code, j=interpreted, Vv=VM code, C=native code)


Current CompileTask:
C2:  13449 1628       4       java.util.concurrent.ConcurrentHashMap::get (162 bytes)


---------------  P R O C E S S  ---------------

Java Threads: ( => current thread )
  0x00000000186a1800 JavaThread "Okio Watchdog" daemon [_thread_blocked, id=20052, stack(0x0000000019d40000,0x0000000019e40000)]
  0x00000000188c1000 JavaThread "OkHttp ConnectionPool" daemon [_thread_blocked, id=15916, stack(0x0000000019c40000,0x0000000019d40000)]
  0x00000000186b9000 JavaThread "Exec Stream Pumper" daemon [_thread_in_native, id=20176, stack(0x0000000019840000,0x0000000019940000)]
  0x00000000186c0800 JavaThread "Exec Stream Pumper" daemon [_thread_in_native, id=20404, stack(0x0000000019740000,0x0000000019840000)]
  0x00000000186c1800 JavaThread "UrlChecker-2" daemon [_thread_blocked, id=20412, stack(0x0000000019640000,0x0000000019740000)]
  0x0000000018673000 JavaThread "Exec Default Executor" daemon [_thread_in_native, id=20396, stack(0x0000000019540000,0x0000000019640000)]
  0x00000000183a1800 JavaThread "ReaderThread" [_thread_in_native, id=19644, stack(0x0000000018e40000,0x0000000018f40000)]
  0x0000000017c08800 JavaThread "Service Thread" daemon [_thread_blocked, id=20464, stack(0x0000000018000000,0x0000000018100000)]
  0x0000000015b44800 JavaThread "C1 CompilerThread2" daemon [_thread_blocked, id=20044, stack(0x0000000017b00000,0x0000000017c00000)]
  0x0000000015b27000 JavaThread "C2 CompilerThread1" daemon [_thread_blocked, id=20032, stack(0x0000000017a00000,0x0000000017b00000)]
=>0x0000000015b21800 JavaThread "C2 CompilerThread0" daemon [_thread_in_native, id=19988, stack(0x0000000017900000,0x0000000017a00000)]
  0x0000000015b20800 JavaThread "Attach Listener" daemon [_thread_blocked, id=20028, stack(0x0000000017800000,0x0000000017900000)]
  0x0000000015b1d800 JavaThread "Signal Dispatcher" daemon [_thread_blocked, id=19972, stack(0x0000000017700000,0x0000000017800000)]
  0x000000000394d800 JavaThread "Finalizer" daemon [_thread_blocked, id=19984, stack(0x0000000016d80000,0x0000000016e80000)]
  0x0000000003942000 JavaThread "Reference Handler" daemon [_thread_blocked, id=20020, stack(0x0000000016c80000,0x0000000016d80000)]
  0x000000000374e000 JavaThread "main" [_thread_in_native, id=20012, stack(0x0000000003750000,0x0000000003850000)]

Other Threads:
  0x0000000015ae7000 VMThread [stack: 0x0000000016b80000,0x0000000016c80000] [id=20008]
  0x0000000017c0f800 WatcherThread [stack: 0x0000000018100000,0x0000000018200000] [id=13980]

VM state:not at safepoint (normal execution)

VM Mutex/Monitor currently owned by a thread: None

Heap:
 PSYoungGen      total 16896K, used 14156K [0x00000000ed800000, 0x00000000eea80000, 0x0000000100000000)
  eden space 14848K, 81% used [0x00000000ed800000,0x00000000ee3d6fe0,0x00000000ee680000)
  from space 2048K, 99% used [0x00000000ee680000,0x00000000ee87c020,0x00000000ee880000)
  to   space 2048K, 0% used [0x00000000ee880000,0x00000000ee880000,0x00000000eea80000)
 ParOldGen       total 38400K, used 5920K [0x00000000c8800000, 0x00000000cad80000, 0x00000000ed800000)
  object space 38400K, 15% used [0x00000000c8800000,0x00000000c8dc81c8,0x00000000cad80000)
 Metaspace       used 17780K, capacity 18734K, committed 18944K, reserved 1064960K
  class space    used 2239K, capacity 2475K, committed 2560K, reserved 1048576K

Card table byte_map: [0x0000000012d10000,0x0000000012ed0000] byte_map_base: 0x00000000126cc000

Marking Bits: (ParMarkBitMap*) 0x00000000740dd850
 Begin Bits: [0x0000000013400000, 0x00000000141e0000)
 End Bits:   [0x00000000141e0000, 0x0000000014fc0000)

Polling page: 0x0000000003160000

CodeCache: size=245760Kb used=5256Kb max_used=5256Kb free=240503Kb
 bounds [0x0000000003950000, 0x0000000003e80000, 0x0000000012950000]
 total_blobs=2058 nmethods=1628 adapters=343
 compilation: enabled

Compilation events (10 events):
Event: 13.406 Thread 0x0000000015b44800 nmethod 1620 0x0000000003e6c950 code [0x0000000003e6cb00, 0x0000000003e6cf98]
Event: 13.406 Thread 0x0000000015b44800 1622       3       java.lang.String::toLowerCase (8 bytes)
Event: 13.406 Thread 0x0000000015b44800 nmethod 1622 0x0000000003e6d210 code [0x0000000003e6d380, 0x0000000003e6d5e8]
Event: 13.406 Thread 0x0000000015b44800 1624       3       com.google.common.collect.ImmutableEntry::<init> (15 bytes)
Event: 13.407 Thread 0x0000000015b44800 nmethod 1624 0x0000000003e6d690 code [0x0000000003e6d800, 0x0000000003e6da30]
Event: 13.407 Thread 0x0000000015b44800 1621       3       java.util.stream.ReferencePipeline::filter (22 bytes)
Event: 13.407 Thread 0x0000000015b44800 nmethod 1621 0x0000000003e6db10 code [0x0000000003e6dcc0, 0x0000000003e6e198]
Event: 13.418 Thread 0x0000000015b44800 1625   !   3       java.lang.Class::getSimpleBinaryName (38 bytes)
Event: 13.419 Thread 0x0000000015b44800 nmethod 1625 0x0000000003e6f450 code [0x0000000003e6f620, 0x0000000003e6fdc8]
Event: 13.437 Thread 0x0000000015b21800 1628       4       java.util.concurrent.ConcurrentHashMap::get (162 bytes)

GC Heap History (6 events):
Event: 2.126 GC heap before
{Heap before GC invocations=1 (full 0):
 PSYoungGen      total 16896K, used 14848K [0x00000000ed800000, 0x00000000eea80000, 0x0000000100000000)
  eden space 14848K, 100% used [0x00000000ed800000,0x00000000ee680000,0x00000000ee680000)
  from space 2048K, 0% used [0x00000000ee880000,0x00000000ee880000,0x00000000eea80000)
  to   space 2048K, 0% used [0x00000000ee680000,0x00000000ee680000,0x00000000ee880000)
 ParOldGen       total 38400K, used 0K [0x00000000c8800000, 0x00000000cad80000, 0x00000000ed800000)
  object space 38400K, 0% used [0x00000000c8800000,0x00000000c8800000,0x00000000cad80000)
 Metaspace       used 9392K, capacity 9594K, committed 9984K, reserved 1058816K
  class space    used 1088K, capacity 1177K, committed 1280K, reserved 1048576K
Event: 2.135 GC heap after
Heap after GC invocations=1 (full 0):
 PSYoungGen      total 16896K, used 2030K [0x00000000ed800000, 0x00000000eea80000, 0x0000000100000000)
  eden space 14848K, 0% used [0x00000000ed800000,0x00000000ed800000,0x00000000ee680000)
  from space 2048K, 99% used [0x00000000ee680000,0x00000000ee87b868,0x00000000ee880000)
  to   space 2048K, 0% used [0x00000000ee880000,0x00000000ee880000,0x00000000eea80000)
 ParOldGen       total 38400K, used 1274K [0x00000000c8800000, 0x00000000cad80000, 0x00000000ed800000)
  object space 38400K, 3% used [0x00000000c8800000,0x00000000c893e850,0x00000000cad80000)
 Metaspace       used 9392K, capacity 9594K, committed 9984K, reserved 1058816K
  class space    used 1088K, capacity 1177K, committed 1280K, reserved 1048576K
}
Event: 2.917 GC heap before
{Heap before GC invocations=2 (full 0):
 PSYoungGen      total 16896K, used 16878K [0x00000000ed800000, 0x00000000eea80000, 0x0000000100000000)
  eden space 14848K, 100% used [0x00000000ed800000,0x00000000ee680000,0x00000000ee680000)
  from space 2048K, 99% used [0x00000000ee680000,0x00000000ee87b868,0x00000000ee880000)
  to   space 2048K, 0% used [0x00000000ee880000,0x00000000ee880000,0x00000000eea80000)
 ParOldGen       total 38400K, used 1274K [0x00000000c8800000, 0x00000000cad80000, 0x00000000ed800000)
  object space 38400K, 3% used [0x00000000c8800000,0x00000000c893e850,0x00000000cad80000)
 Metaspace       used 13267K, capacity 13684K, committed 13824K, reserved 1060864K
  class space    used 1596K, capacity 1697K, committed 1792K, reserved 1048576K
Event: 2.926 GC heap after
Heap after GC invocations=2 (full 0):
 PSYoungGen      total 16896K, used 2016K [0x00000000ed800000, 0x00000000eea80000, 0x0000000100000000)
  eden space 14848K, 0% used [0x00000000ed800000,0x00000000ed800000,0x00000000ee680000)
  from space 2048K, 98% used [0x00000000ee880000,0x00000000eea78030,0x00000000eea80000)
  to   space 2048K, 0% used [0x00000000ee680000,0x00000000ee680000,0x00000000ee880000)
 ParOldGen       total 38400K, used 3704K [0x00000000c8800000, 0x00000000cad80000, 0x00000000ed800000)
  object space 38400K, 9% used [0x00000000c8800000,0x00000000c8b9e140,0x00000000cad80000)
 Metaspace       used 13267K, capacity 13684K, committed 13824K, reserved 1060864K
  class space    used 1596K, capacity 1697K, committed 1792K, reserved 1048576K
}
Event: 4.962 GC heap before
{Heap before GC invocations=3 (full 0):
 PSYoungGen      total 16896K, used 16864K [0x00000000ed800000, 0x00000000eea80000, 0x0000000100000000)
  eden space 14848K, 100% used [0x00000000ed800000,0x00000000ee680000,0x00000000ee680000)
  from space 2048K, 98% used [0x00000000ee880000,0x00000000eea78030,0x00000000eea80000)
  to   space 2048K, 0% used [0x00000000ee680000,0x00000000ee680000,0x00000000ee880000)
 ParOldGen       total 38400K, used 3704K [0x00000000c8800000, 0x00000000cad80000, 0x00000000ed800000)
  object space 38400K, 9% used [0x00000000c8800000,0x00000000c8b9e140,0x00000000cad80000)
 Metaspace       used 15650K, capacity 16444K, committed 16512K, reserved 1062912K
  class space    used 1937K, capacity 2142K, committed 2176K, reserved 1048576K
Event: 4.970 GC heap after
Heap after GC invocations=3 (full 0):
 PSYoungGen      total 16896K, used 2032K [0x00000000ed800000, 0x00000000eea80000, 0x0000000100000000)
  eden space 14848K, 0% used [0x00000000ed800000,0x00000000ed800000,0x00000000ee680000)
  from space 2048K, 99% used [0x00000000ee680000,0x00000000ee87c020,0x00000000ee880000)
  to   space 2048K, 0% used [0x00000000ee880000,0x00000000ee880000,0x00000000eea80000)
 ParOldGen       total 38400K, used 5920K [0x00000000c8800000, 0x00000000cad80000, 0x00000000ed800000)
  object space 38400K, 15% used [0x00000000c8800000,0x00000000c8dc81c8,0x00000000cad80000)
 Metaspace       used 15650K, capacity 16444K, committed 16512K, reserved 1062912K
  class space    used 1937K, capacity 2142K, committed 2176K, reserved 1048576K
}

Deoptimization events (10 events):
Event: 5.023 Thread 0x000000000374e000 Uncommon trap: reason=class_check action=maybe_recompile pc=0x0000000003d94b84 method=java.util.regex.Matcher.search(I)Z @ 86
Event: 5.023 Thread 0x000000000374e000 Uncommon trap: reason=class_check action=maybe_recompile pc=0x0000000003d94b84 method=java.util.regex.Matcher.search(I)Z @ 86
Event: 5.023 Thread 0x000000000374e000 Uncommon trap: reason=class_check action=maybe_recompile pc=0x0000000003d48a34 method=java.util.regex.Pattern$Curly.match(Ljava/util/regex/Matcher;ILjava/lang/CharSequence;)Z @ 19
Event: 5.048 Thread 0x000000000374e000 Uncommon trap: reason=class_check action=maybe_recompile pc=0x0000000003d48a34 method=java.util.regex.Pattern$Curly.match(Ljava/util/regex/Matcher;ILjava/lang/CharSequence;)Z @ 19
Event: 5.048 Thread 0x000000000374e000 Uncommon trap: reason=class_check action=maybe_recompile pc=0x0000000003d48a34 method=java.util.regex.Pattern$Curly.match(Ljava/util/regex/Matcher;ILjava/lang/CharSequence;)Z @ 19
Event: 5.154 Thread 0x000000000374e000 Uncommon trap: reason=unstable_if action=reinterpret pc=0x0000000003ca4750 method=java.util.regex.Pattern$BmpCharProperty.match(Ljava/util/regex/Matcher;ILjava/lang/CharSequence;)Z @ 34
Event: 8.020 Thread 0x000000000374e000 Uncommon trap: reason=class_check action=maybe_recompile pc=0x0000000003e1c2f8 method=org.openqa.selenium.json.Input.init()V @ 18
Event: 8.020 Thread 0x000000000374e000 Uncommon trap: reason=class_check action=maybe_recompile pc=0x0000000003e1c2f8 method=org.openqa.selenium.json.Input.init()V @ 18
Event: 8.020 Thread 0x000000000374e000 Uncommon trap: reason=class_check action=maybe_recompile pc=0x0000000003e1c2f8 method=org.openqa.selenium.json.Input.init()V @ 18
Event: 8.020 Thread 0x000000000374e000 Uncommon trap: reason=class_check action=maybe_recompile pc=0x0000000003e1c2f8 method=org.openqa.selenium.json.Input.init()V @ 18

Internal exceptions (10 events):
Event: 4.907 Thread 0x000000000374e000 Exception <a 'java/lang/NoSuchMethodError': java.lang.Object.lambda$chars$0()Ljava/util/Spliterator$OfInt;> (0x00000000ee532700) thrown at [C:\re\workspace\8-2-build-windows-amd64-cygwin\jdk8u144\9417\hotspot\src\share\vm\interpreter\linkResolver.cpp, lin
Event: 8.052 Thread 0x000000000374e000 Exception <a 'java/lang/NoSuchMethodError': java.lang.Object.lambda$getResponseFunction$0(Lorg/openqa/selenium/remote/InitialHandshakeResponse;)Lorg/openqa/selenium/remote/ProtocolHandshake$Result;> (0x00000000ee092950) thrown at [C:\re\workspace\8-2-buil
Event: 8.256 Thread 0x000000000374e000 Exception <a 'java/net/SocketTimeoutException': Read timed out> (0x00000000ee1e4ee8) thrown at [C:\re\workspace\8-2-build-windows-amd64-cygwin\jdk8u144\9417\hotspot\src\share\vm\prims\jni.cpp, line 735]
Event: 9.928 Thread 0x000000000374e000 Exception <a 'java/net/SocketTimeoutException': Read timed out> (0x00000000ee26c038) thrown at [C:\re\workspace\8-2-build-windows-amd64-cygwin\jdk8u144\9417\hotspot\src\share\vm\prims\jni.cpp, line 735]
Event: 9.961 Thread 0x000000000374e000 Exception <a 'java/lang/NoSuchMethodError': java.lang.Object.of(Ljava/lang/Object;)Ljava/util/stream/Stream;> (0x00000000ee27a4e8) thrown at [C:\re\workspace\8-2-build-windows-amd64-cygwin\jdk8u144\9417\hotspot\src\share\vm\interpreter\linkResolver.cpp, l
Event: 9.976 Thread 0x000000000374e000 Exception <a 'java/net/SocketTimeoutException': Read timed out> (0x00000000ee2ab410) thrown at [C:\re\workspace\8-2-build-windows-amd64-cygwin\jdk8u144\9417\hotspot\src\share\vm\prims\jni.cpp, line 735]
Event: 10.143 Thread 0x000000000374e000 Exception <a 'java/net/SocketTimeoutException': Read timed out> (0x00000000ee2be170) thrown at [C:\re\workspace\8-2-build-windows-amd64-cygwin\jdk8u144\9417\hotspot\src\share\vm\prims\jni.cpp, line 735]
Event: 10.175 Thread 0x000000000374e000 Exception <a 'java/net/SocketTimeoutException': Read timed out> (0x00000000ee2d9e30) thrown at [C:\re\workspace\8-2-build-windows-amd64-cygwin\jdk8u144\9417\hotspot\src\share\vm\prims\jni.cpp, line 735]
Event: 10.308 Thread 0x000000000374e000 Exception <a 'java/net/SocketTimeoutException': Read timed out> (0x00000000ee2ec158) thrown at [C:\re\workspace\8-2-build-windows-amd64-cygwin\jdk8u144\9417\hotspot\src\share\vm\prims\jni.cpp, line 735]
Event: 10.341 Thread 0x000000000374e000 Exception <a 'java/net/SocketTimeoutException': Read timed out> (0x00000000ee303f20) thrown at [C:\re\workspace\8-2-build-windows-amd64-cygwin\jdk8u144\9417\hotspot\src\share\vm\prims\jni.cpp, line 735]

Events (10 events):
Event: 13.436 loading class org/testng/collections/ListMultiMap
Event: 13.436 loading class org/testng/collections/ListMultiMap done
Event: 13.436 loading class org/testng/xml/XmlClass
Event: 13.436 loading class org/testng/xml/XmlClass done
Event: 13.437 loading class org/testng/ITestNGMethod
Event: 13.437 loading class org/testng/ITestNGMethod done
Event: 13.437 loading class org/testng/ITestNGMethod
Event: 13.437 loading class org/testng/ITestNGMethod done
Event: 13.442 loading class org/testng/reporters/HtmlHelper
Event: 13.442 loading class org/testng/reporters/HtmlHelper done


Dynamic libraries:
0x00007ff629e10000 - 0x00007ff629e47000 	C:\Program Files\Java\jdk1.8.0_144\bin\javaw.exe
0x00007ffd2ecc0000 - 0x00007ffd2eeb0000 	C:\Windows\SYSTEM32\ntdll.dll
0x00007ffd2e350000 - 0x00007ffd2e402000 	C:\Windows\System32\KERNEL32.DLL
0x00007ffd2c260000 - 0x00007ffd2c505000 	C:\Windows\System32\KERNELBASE.dll
0x00007ffd2cdd0000 - 0x00007ffd2ce73000 	C:\Windows\System32\ADVAPI32.dll
0x00007ffd2e110000 - 0x00007ffd2e1ae000 	C:\Windows\System32\msvcrt.dll
0x00007ffd2df20000 - 0x00007ffd2dfb7000 	C:\Windows\System32\sechost.dll
0x00007ffd2dfc0000 - 0x00007ffd2e0df000 	C:\Windows\System32\RPCRT4.dll
0x00007ffd2e1b0000 - 0x00007ffd2e344000 	C:\Windows\System32\USER32.dll
0x00007ffd2cc90000 - 0x00007ffd2ccb1000 	C:\Windows\System32\win32u.dll
0x00007ffd2e0e0000 - 0x00007ffd2e106000 	C:\Windows\System32\GDI32.dll
0x00007ffd2be80000 - 0x00007ffd2c018000 	C:\Windows\System32\gdi32full.dll
0x00007ffd2bc50000 - 0x00007ffd2bcee000 	C:\Windows\System32\msvcp_win.dll
0x00007ffd2bd80000 - 0x00007ffd2be7a000 	C:\Windows\System32\ucrtbase.dll
0x00007ffd1da20000 - 0x00007ffd1dca4000 	C:\Windows\WinSxS\amd64_microsoft.windows.common-controls_6595b64144ccf1df_6.0.18362.1556_none_9e7e372fe45e41d5\COMCTL32.dll
0x00007ffd2ce80000 - 0x00007ffd2d1b6000 	C:\Windows\System32\combase.dll
0x00007ffd2c070000 - 0x00007ffd2c0f1000 	C:\Windows\System32\bcryptPrimitives.dll
0x00007ffd2e570000 - 0x00007ffd2e59e000 	C:\Windows\System32\IMM32.DLL
0x00007ffd17970000 - 0x00007ffd17c54000 	C:\Windows\pcdrm\NSCCOR0364.DLL
0x00007ffd2e410000 - 0x00007ffd2e567000 	C:\Windows\System32\ole32.dll
0x00007ffd1aa90000 - 0x00007ffd1aa99000 	C:\Windows\SYSTEM32\WSOCK32.dll
0x00007ffd2ea90000 - 0x00007ffd2eaff000 	C:\Windows\System32\WS2_32.dll
0x00007ffd231b0000 - 0x00007ffd231ba000 	C:\Windows\SYSTEM32\VERSION.dll
0x00007ffd2e750000 - 0x00007ffd2e758000 	C:\Windows\System32\psapi.dll
0x00007ffd2abb0000 - 0x00007ffd2abe1000 	C:\Windows\SYSTEM32\ntmarta.dll
0x00007ffd17d90000 - 0x00007ffd17dbe000 	C:\Windows\pcdrm\NBID64.dll
0x00007ffd2ebb0000 - 0x00007ffd2ec75000 	C:\Windows\System32\OLEAUT32.dll
0x00007ffd17850000 - 0x00007ffd17889000 	C:\Windows\pcdrm\NFD0164.dll
0x00007ffd2bcf0000 - 0x00007ffd2bd16000 	C:\Windows\System32\bcrypt.dll
0x00007ffd27fb0000 - 0x00007ffd2809f000 	C:\Windows\SYSTEM32\PROPSYS.dll
0x0000000003470000 - 0x0000000003518000 	C:\Windows\System32\shcore.dll
0x0000000074260000 - 0x0000000074332000 	C:\Program Files\Java\jdk1.8.0_144\jre\bin\msvcr100.dll
0x00000000738c0000 - 0x000000007415d000 	C:\Program Files\Java\jdk1.8.0_144\jre\bin\server\jvm.dll
0x00007ffd282d0000 - 0x00007ffd282f4000 	C:\Windows\SYSTEM32\WINMM.dll
0x00007ffd28290000 - 0x00007ffd282bd000 	C:\Windows\SYSTEM32\WINMMBASE.dll
0x00007ffd2c020000 - 0x00007ffd2c06a000 	C:\Windows\System32\cfgmgr32.dll
0x0000000075690000 - 0x000000007569f000 	C:\Program Files\Java\jdk1.8.0_144\jre\bin\verify.dll
0x0000000074230000 - 0x0000000074259000 	C:\Program Files\Java\jdk1.8.0_144\jre\bin\java.dll
0x0000000074210000 - 0x0000000074226000 	C:\Program Files\Java\jdk1.8.0_144\jre\bin\zip.dll
0x00007ffd2d830000 - 0x00007ffd2df17000 	C:\Windows\System32\SHELL32.dll
0x0000000016f80000 - 0x00000000176fb000 	C:\Windows\System32\windows.storage.dll
0x00007ffd2bc10000 - 0x00007ffd2bc2e000 	C:\Windows\System32\profapi.dll
0x00007ffd2bbc0000 - 0x00007ffd2bc0a000 	C:\Windows\System32\powrprof.dll
0x00007ffd2bb70000 - 0x00007ffd2bb80000 	C:\Windows\System32\UMPDC.dll
0x0000000003520000 - 0x0000000003572000 	C:\Windows\System32\shlwapi.dll
0x00007ffd2bb80000 - 0x00007ffd2bb91000 	C:\Windows\System32\kernel.appcore.dll
0x00007ffd2bc30000 - 0x00007ffd2bc47000 	C:\Windows\System32\cryptsp.dll
0x00000000741f0000 - 0x000000007420a000 	C:\Program Files\Java\jdk1.8.0_144\jre\bin\net.dll
0x00007ffd2b350000 - 0x00007ffd2b3b7000 	C:\Windows\system32\mswsock.dll
0x00007ffd2b0a0000 - 0x00007ffd2b16b000 	C:\Windows\SYSTEM32\DNSAPI.dll
0x00007ffd2d250000 - 0x00007ffd2d258000 	C:\Windows\System32\NSI.dll
0x00007ffd2b060000 - 0x00007ffd2b09a000 	C:\Windows\SYSTEM32\IPHLPAPI.DLL
0x00007ffd1f340000 - 0x00007ffd1f34a000 	C:\Windows\System32\rasadhlp.dll
0x00007ffd29aa0000 - 0x00007ffd29b17000 	C:\Windows\System32\fwpuclnt.dll
0x00007ffd2aed0000 - 0x00007ffd2af03000 	C:\Windows\system32\rsaenh.dll
0x00007ffd2ba90000 - 0x00007ffd2bab5000 	C:\Windows\SYSTEM32\USERENV.dll
0x00007ffd2b520000 - 0x00007ffd2b52c000 	C:\Windows\SYSTEM32\CRYPTBASE.dll
0x00007ffd2a460000 - 0x00007ffd2a476000 	C:\Windows\SYSTEM32\dhcpcsvc6.DLL
0x00007ffd2a440000 - 0x00007ffd2a45c000 	C:\Windows\SYSTEM32\dhcpcsvc.DLL
0x00000000741d0000 - 0x00000000741e1000 	C:\Program Files\Java\jdk1.8.0_144\jre\bin\nio.dll
0x00000000741a0000 - 0x00000000741c4000 	C:\Program Files\Java\jdk1.8.0_144\jre\bin\sunec.dll
0x0000000074190000 - 0x000000007419b000 	C:\Program Files\Java\jdk1.8.0_144\jre\bin\sunmscapi.dll
0x00007ffd2c100000 - 0x00007ffd2c251000 	C:\Windows\System32\CRYPT32.dll
0x00007ffd2bba0000 - 0x00007ffd2bbb2000 	C:\Windows\System32\MSASN1.dll

VM Arguments:
jvm_args: -ea -Dfile.encoding=Cp1252 
java_command: org.testng.remote.RemoteTestNG -serport 52616 -protocol json -d C:\Users\HP\eclipse-workspace\Selenium\PageObjectModelProject\test-output C:\Users\HP\AppData\Local\Temp\testng-eclipse-931937084\testng-customsuite.xml
java_class_path (initial): C:\Users\HP\eclipse\jee-2021-06\eclipse\configuration\org.eclipse.osgi\940\0\.cp\lib\testng-remote.jar;C:\Users\HP\eclipse-workspace\Selenium\PageObjectModelProject\target\test-classes;C:\Users\HP\eclipse-workspace\Selenium\PageObjectModelProject\target\classes;C:\Users\HP\.m2\repository\org\seleniumhq\selenium\selenium-java\3.141.59\selenium-java-3.141.59.jar;C:\Users\HP\.m2\repository\org\seleniumhq\selenium\selenium-api\3.141.59\selenium-api-3.141.59.jar;C:\Users\HP\.m2\repository\org\seleniumhq\selenium\selenium-chrome-driver\3.141.59\selenium-chrome-driver-3.141.59.jar;C:\Users\HP\.m2\repository\org\seleniumhq\selenium\selenium-edge-driver\3.141.59\selenium-edge-driver-3.141.59.jar;C:\Users\HP\.m2\repository\org\seleniumhq\selenium\selenium-firefox-driver\3.141.59\selenium-firefox-driver-3.141.59.jar;C:\Users\HP\.m2\repository\org\seleniumhq\selenium\selenium-ie-driver\3.141.59\selenium-ie-driver-3.141.59.jar;C:\Users\HP\.m2\repository\org\seleniumhq\selenium\selenium-opera-driver\3.141.59\selenium-opera-driver-3.141.59.jar;C:\Users\HP\.m2\repository\org\seleniumhq\selenium\selenium-remote-driver\3.141.59\selenium-remote-driver-3.141.59.jar;C:\Users\HP\.m2\repository\org\seleniumhq\selenium\selenium-safari-driver\3.141.59\selenium-safari-driver-3.141.59.jar;C:\Users\HP\.m2\repository\org\seleniumhq\selenium\selenium-support\3.141.59\selenium-support-3.141.59.jar;C:\Users\HP\.m2\repository\net\bytebuddy\byte-buddy\1.8.15\byte-buddy-1.8.15.jar;C:\Users\HP\.m2\repository\org\apache\commons\commons-exec\1.3\commons-exec-1.3.jar;C:\Users\HP\.m2\repository\com\google\guava\guava\25.0-jre\guava-25.0-jre.jar;C:\Users\HP\.m2\repository\com\google\code\findbugs\jsr305\1.3.9\jsr305-1.3.9.jar;C:\Users\HP\.m2\repository\org\checkerframework\checker-compat-qual\2.0.0\checker-compat-qual-2.0.0.jar;C:\Users\HP\.m2\repository\com\google\errorprone\error_prone_annotations\2.1.3\error_prone_annotations-2.1.3.jar;C:\Users\HP\.m2\repository\com\google\j
Launcher Type: SUN_STANDARD

Environment Variables:
PATH=C:/Users/HP/.p2/pool/plugins/org.eclipse.justj.openjdk.hotspot.jre.full.win32.x86_64_17.0.2.v20220201-1208/jre/bin/server;C:/Users/HP/.p2/pool/plugins/org.eclipse.justj.openjdk.hotspot.jre.full.win32.x86_64_17.0.2.v20220201-1208/jre/bin;C:\ProgramData\Oracle\Java\javapath;C:\Windows\system32;C:\Windows;C:\Windows\System32\Wbem;C:\Windows\System32\WindowsPowerShell\v1.0\;C:\Windows\System32\OpenSSH\;C:\Users\HP\AppData\Local\Microsoft\WindowsApps;;C:\Windows\System32;
USERNAME=HP
OS=Windows_NT
PROCESSOR_IDENTIFIER=AMD64 Family 22 Model 48 Stepping 1, AuthenticAMD



---------------  S Y S T E M  ---------------

OS: Windows 10.0 , 64 bit Build 18362 (10.0.18362.1500)

CPU:total 4 (initial active 4) (4 cores per cpu, 1 threads per core) family 22 model 48 stepping 1, cmov, cx8, fxsr, mmx, sse, sse2, sse3, ssse3, sse4.1, sse4.2, popcnt, avx, aes, clmul, mmxext, 3dnowpref, lzcnt, sse4a, tsc, tscinvbit, tscinv, bmi1

Memory: 4k page, physical 3636344k(333580k free), swap 9328756k(3780k free)

vm_info: Java HotSpot(TM) 64-Bit Server VM (25.144-b01) for windows-amd64 JRE (1.8.0_144-b01), built on Jul 21 2017 21:57:33 by "java_re" with MS VC++ 10.0 (VS2010)

time: Mon Jun 06 23:56:05 2022
elapsed time: 13 seconds (0d 0h 0m 13s)

