#
# There is insufficient memory for the Java Runtime Environment to continue.
# Native memory allocation (malloc) failed to allocate 32744 bytes for ChunkPool::allocate
# Possible reasons:
#   The system is out of physical RAM or swap space
#   In 32 bit mode, the process size limit was hit
# Possible solutions:
#   Reduce memory load on the system
#   Increase physical memory or swap space
#   Check if swap backing store is full
#   Use 64 bit Java on a 64 bit OS
#   Decrease Java heap size (-Xmx/-Xms)
#   Decrease number of Java threads
#   Decrease Java thread stack sizes (-Xss)
#   Set larger code cache with -XX:ReservedCodeCacheSize=
# This output file may be truncated or incomplete.
#
#  Out of Memory Error (allocation.cpp:273), pid=19060, tid=0x000000000000218c
#
# JRE version: Java(TM) SE Runtime Environment (8.0_144-b01) (build 1.8.0_144-b01)
# Java VM: Java HotSpot(TM) 64-Bit Server VM (25.144-b01 mixed mode windows-amd64 compressed oops)
# Failed to write core dump. Minidumps are not enabled by default on client versions of Windows
#

---------------  T H R E A D  ---------------

Current thread (0x0000000015770800):  JavaThread "C2 CompilerThread0" daemon [_thread_in_native, id=8588, stack(0x0000000017560000,0x0000000017660000)]

Stack: [0x0000000017560000,0x0000000017660000]
[error occurred during error reporting (printing stack bounds), id 0xc0000005]

Native frames: (J=compiled Java code, j=interpreted, Vv=VM code, C=native code)


Current CompileTask:
C2:   5431 1539       4       org.openqa.selenium.json.Input::peek (9 bytes)


---------------  P R O C E S S  ---------------

Java Threads: ( => current thread )
  0x0000000018414000 JavaThread "Okio Watchdog" daemon [_thread_blocked, id=5156, stack(0x000000001a970000,0x000000001aa70000)]
  0x0000000018428000 JavaThread "OkHttp ConnectionPool" daemon [_thread_blocked, id=7600, stack(0x000000001a870000,0x000000001a970000)]
  0x0000000018389800 JavaThread "Keep-Alive-Timer" daemon [_thread_blocked, id=17464, stack(0x00000000195a0000,0x00000000196a0000)]
  0x0000000018381000 JavaThread "Exec Stream Pumper" daemon [_thread_in_native, id=7644, stack(0x00000000194a0000,0x00000000195a0000)]
  0x0000000018380000 JavaThread "Exec Stream Pumper" daemon [_thread_in_native, id=1068, stack(0x00000000193a0000,0x00000000194a0000)]
  0x00000000182cd000 JavaThread "UrlChecker-2" daemon [_thread_blocked, id=14544, stack(0x00000000192a0000,0x00000000193a0000)]
  0x00000000182c8000 JavaThread "Exec Default Executor" daemon [_thread_in_native, id=18088, stack(0x00000000191a0000,0x00000000192a0000)]
  0x0000000018002800 JavaThread "ReaderThread" [_thread_in_native, id=20312, stack(0x0000000018aa0000,0x0000000018ba0000)]
  0x0000000017880800 JavaThread "Service Thread" daemon [_thread_blocked, id=20284, stack(0x0000000017c60000,0x0000000017d60000)]
  0x000000001577b800 JavaThread "C1 CompilerThread2" daemon [_thread_blocked, id=16452, stack(0x0000000017760000,0x0000000017860000)]
  0x0000000015776000 JavaThread "C2 CompilerThread1" daemon [_thread_in_native, id=19884, stack(0x0000000017660000,0x0000000017760000)]
=>0x0000000015770800 JavaThread "C2 CompilerThread0" daemon [_thread_in_native, id=8588, stack(0x0000000017560000,0x0000000017660000)]
  0x000000001576f000 JavaThread "Attach Listener" daemon [_thread_blocked, id=4984, stack(0x0000000017460000,0x0000000017560000)]
  0x000000001576d800 JavaThread "Signal Dispatcher" daemon [_thread_blocked, id=18388, stack(0x0000000017360000,0x0000000017460000)]
  0x000000000359d000 JavaThread "Finalizer" daemon [_thread_blocked, id=17800, stack(0x00000000169e0000,0x0000000016ae0000)]
  0x0000000003592000 JavaThread "Reference Handler" daemon [_thread_blocked, id=18908, stack(0x00000000168e0000,0x00000000169e0000)]
  0x000000000349e000 JavaThread "Forwarding newSession on session null to remote" [_thread_in_vm, id=10504, stack(0x00000000032b0000,0x00000000033b0000)]

Other Threads:
  0x0000000015737000 VMThread [stack: 0x00000000167e0000,0x00000000168e0000] [id=1028]
  0x0000000017899800 WatcherThread [stack: 0x0000000017d60000,0x0000000017e60000] [id=6816]

VM state:not at safepoint (normal execution)

VM Mutex/Monitor currently owned by a thread: None

Heap:
 PSYoungGen      total 16896K, used 11646K [0x00000000ed800000, 0x00000000eea80000, 0x0000000100000000)
  eden space 14848K, 64% used [0x00000000ed800000,0x00000000ee167900,0x00000000ee680000)
  from space 2048K, 98% used [0x00000000ee680000,0x00000000ee878050,0x00000000ee880000)
  to   space 2048K, 0% used [0x00000000ee880000,0x00000000ee880000,0x00000000eea80000)
 ParOldGen       total 38400K, used 5901K [0x00000000c8800000, 0x00000000cad80000, 0x00000000ed800000)
  object space 38400K, 15% used [0x00000000c8800000,0x00000000c8dc3768,0x00000000cad80000)
 Metaspace       used 17347K, capacity 18254K, committed 18304K, reserved 1064960K
  class space    used 2177K, capacity 2421K, committed 2432K, reserved 1048576K

Card table byte_map: [0x0000000012960000,0x0000000012b20000] byte_map_base: 0x000000001231c000

Marking Bits: (ParMarkBitMap*) 0x00000000740dd850
 Begin Bits: [0x0000000013050000, 0x0000000013e30000)
 End Bits:   [0x0000000013e30000, 0x0000000014c10000)

Polling page: 0x00000000012e0000

CodeCache: size=245760Kb used=5165Kb max_used=5170Kb free=240594Kb
 bounds [0x00000000035a0000, 0x0000000003ab0000, 0x00000000125a0000]
 total_blobs=1942 nmethods=1542 adapters=314
 compilation: enabled

Compilation events (10 events):
Event: 5.412 Thread 0x000000001577b800 nmethod 1533 0x0000000003aa99d0 code [0x0000000003aa9b60, 0x0000000003aa9fb8]
Event: 5.412 Thread 0x000000001577b800 1534       3       java.nio.HeapCharBuffer::<init> (13 bytes)
Event: 5.412 Thread 0x000000001577b800 nmethod 1534 0x0000000003aa9490 code [0x0000000003aa9600, 0x0000000003aa98c8]
Event: 5.413 Thread 0x000000001577b800 1536   !   3       java.io.StringReader::read (133 bytes)
Event: 5.415 Thread 0x000000001577b800 nmethod 1536 0x0000000003aa84d0 code [0x0000000003aa86a0, 0x0000000003aa8fc8]
Event: 5.415 Thread 0x000000001577b800 1537       3       java.io.StringReader::ensureOpen (18 bytes)
Event: 5.415 Thread 0x0000000015770800 1538       4       java.nio.Buffer::position (43 bytes)
Event: 5.415 Thread 0x000000001577b800 nmethod 1537 0x0000000003aa8050 code [0x0000000003aa81c0, 0x0000000003aa8408]
Event: 5.416 Thread 0x0000000015770800 nmethod 1538 0x0000000003aaed90 code [0x0000000003aaeec0, 0x0000000003aaef78]
Event: 5.416 Thread 0x0000000015770800 1539       4       org.openqa.selenium.json.Input::peek (9 bytes)

GC Heap History (6 events):
Event: 2.001 GC heap before
{Heap before GC invocations=1 (full 0):
 PSYoungGen      total 16896K, used 14848K [0x00000000ed800000, 0x00000000eea80000, 0x0000000100000000)
  eden space 14848K, 100% used [0x00000000ed800000,0x00000000ee680000,0x00000000ee680000)
  from space 2048K, 0% used [0x00000000ee880000,0x00000000ee880000,0x00000000eea80000)
  to   space 2048K, 0% used [0x00000000ee680000,0x00000000ee680000,0x00000000ee880000)
 ParOldGen       total 38400K, used 0K [0x00000000c8800000, 0x00000000cad80000, 0x00000000ed800000)
  object space 38400K, 0% used [0x00000000c8800000,0x00000000c8800000,0x00000000cad80000)
 Metaspace       used 9397K, capacity 9594K, committed 9984K, reserved 1058816K
  class space    used 1088K, capacity 1177K, committed 1280K, reserved 1048576K
Event: 2.010 GC heap after
Heap after GC invocations=1 (full 0):
 PSYoungGen      total 16896K, used 2047K [0x00000000ed800000, 0x00000000eea80000, 0x0000000100000000)
  eden space 14848K, 0% used [0x00000000ed800000,0x00000000ed800000,0x00000000ee680000)
  from space 2048K, 99% used [0x00000000ee680000,0x00000000ee87ff78,0x00000000ee880000)
  to   space 2048K, 0% used [0x00000000ee880000,0x00000000ee880000,0x00000000eea80000)
 ParOldGen       total 38400K, used 1273K [0x00000000c8800000, 0x00000000cad80000, 0x00000000ed800000)
  object space 38400K, 3% used [0x00000000c8800000,0x00000000c893e7f8,0x00000000cad80000)
 Metaspace       used 9397K, capacity 9594K, committed 9984K, reserved 1058816K
  class space    used 1088K, capacity 1177K, committed 1280K, reserved 1048576K
}
Event: 2.707 GC heap before
{Heap before GC invocations=2 (full 0):
 PSYoungGen      total 16896K, used 16895K [0x00000000ed800000, 0x00000000eea80000, 0x0000000100000000)
  eden space 14848K, 100% used [0x00000000ed800000,0x00000000ee680000,0x00000000ee680000)
  from space 2048K, 99% used [0x00000000ee680000,0x00000000ee87ff78,0x00000000ee880000)
  to   space 2048K, 0% used [0x00000000ee880000,0x00000000ee880000,0x00000000eea80000)
 ParOldGen       total 38400K, used 1273K [0x00000000c8800000, 0x00000000cad80000, 0x00000000ed800000)
  object space 38400K, 3% used [0x00000000c8800000,0x00000000c893e7f8,0x00000000cad80000)
 Metaspace       used 13349K, capacity 13736K, committed 13824K, reserved 1060864K
  class space    used 1605K, capacity 1733K, committed 1792K, reserved 1048576K
Event: 2.717 GC heap after
Heap after GC invocations=2 (full 0):
 PSYoungGen      total 16896K, used 2016K [0x00000000ed800000, 0x00000000eea80000, 0x0000000100000000)
  eden space 14848K, 0% used [0x00000000ed800000,0x00000000ed800000,0x00000000ee680000)
  from space 2048K, 98% used [0x00000000ee880000,0x00000000eea78030,0x00000000eea80000)
  to   space 2048K, 0% used [0x00000000ee680000,0x00000000ee680000,0x00000000ee880000)
 ParOldGen       total 38400K, used 3668K [0x00000000c8800000, 0x00000000cad80000, 0x00000000ed800000)
  object space 38400K, 9% used [0x00000000c8800000,0x00000000c8b95198,0x00000000cad80000)
 Metaspace       used 13349K, capacity 13736K, committed 13824K, reserved 1060864K
  class space    used 1605K, capacity 1733K, committed 1792K, reserved 1048576K
}
Event: 4.846 GC heap before
{Heap before GC invocations=3 (full 0):
 PSYoungGen      total 16896K, used 16864K [0x00000000ed800000, 0x00000000eea80000, 0x0000000100000000)
  eden space 14848K, 100% used [0x00000000ed800000,0x00000000ee680000,0x00000000ee680000)
  from space 2048K, 98% used [0x00000000ee880000,0x00000000eea78030,0x00000000eea80000)
  to   space 2048K, 0% used [0x00000000ee680000,0x00000000ee680000,0x00000000ee880000)
 ParOldGen       total 38400K, used 3668K [0x00000000c8800000, 0x00000000cad80000, 0x00000000ed800000)
  object space 38400K, 9% used [0x00000000c8800000,0x00000000c8b95198,0x00000000cad80000)
 Metaspace       used 15690K, capacity 16460K, committed 16512K, reserved 1062912K
  class space    used 1932K, capacity 2134K, committed 2176K, reserved 1048576K
Event: 4.857 GC heap after
Heap after GC invocations=3 (full 0):
 PSYoungGen      total 16896K, used 2016K [0x00000000ed800000, 0x00000000eea80000, 0x0000000100000000)
  eden space 14848K, 0% used [0x00000000ed800000,0x00000000ed800000,0x00000000ee680000)
  from space 2048K, 98% used [0x00000000ee680000,0x00000000ee878050,0x00000000ee880000)
  to   space 2048K, 0% used [0x00000000ee880000,0x00000000ee880000,0x00000000eea80000)
 ParOldGen       total 38400K, used 5901K [0x00000000c8800000, 0x00000000cad80000, 0x00000000ed800000)
  object space 38400K, 15% used [0x00000000c8800000,0x00000000c8dc3768,0x00000000cad80000)
 Metaspace       used 15690K, capacity 16460K, committed 16512K, reserved 1062912K
  class space    used 1932K, capacity 2134K, committed 2176K, reserved 1048576K
}

Deoptimization events (10 events):
Event: 4.966 Thread 0x000000000349e000 Uncommon trap: reason=class_check action=maybe_recompile pc=0x0000000003a09fc4 method=java.util.regex.Matcher.search(I)Z @ 86
Event: 4.967 Thread 0x000000000349e000 Uncommon trap: reason=class_check action=maybe_recompile pc=0x0000000003a09fc4 method=java.util.regex.Matcher.search(I)Z @ 86
Event: 4.967 Thread 0x000000000349e000 Uncommon trap: reason=class_check action=maybe_recompile pc=0x00000000039b0b74 method=java.util.regex.Pattern$Curly.match(Ljava/util/regex/Matcher;ILjava/lang/CharSequence;)Z @ 19
Event: 5.006 Thread 0x000000000349e000 Uncommon trap: reason=class_check action=maybe_recompile pc=0x00000000039b0b74 method=java.util.regex.Pattern$Curly.match(Ljava/util/regex/Matcher;ILjava/lang/CharSequence;)Z @ 19
Event: 5.007 Thread 0x000000000349e000 Uncommon trap: reason=class_check action=maybe_recompile pc=0x00000000039b0b74 method=java.util.regex.Pattern$Curly.match(Ljava/util/regex/Matcher;ILjava/lang/CharSequence;)Z @ 19
Event: 5.203 Thread 0x000000000349e000 Uncommon trap: reason=unstable_if action=reinterpret pc=0x00000000039a1768 method=java.util.regex.Pattern$BmpCharProperty.match(Ljava/util/regex/Matcher;ILjava/lang/CharSequence;)Z @ 34
Event: 5.411 Thread 0x000000000349e000 Uncommon trap: reason=class_check action=maybe_recompile pc=0x0000000003aa1a38 method=org.openqa.selenium.json.Input.init()V @ 18
Event: 5.411 Thread 0x000000000349e000 Uncommon trap: reason=class_check action=maybe_recompile pc=0x0000000003aa1a38 method=org.openqa.selenium.json.Input.init()V @ 18
Event: 5.411 Thread 0x000000000349e000 Uncommon trap: reason=class_check action=maybe_recompile pc=0x0000000003aa1a38 method=org.openqa.selenium.json.Input.init()V @ 18
Event: 5.411 Thread 0x000000000349e000 Uncommon trap: reason=class_check action=maybe_recompile pc=0x0000000003aa1a38 method=org.openqa.selenium.json.Input.init()V @ 18

Internal exceptions (10 events):
Event: 1.878 Thread 0x000000000349e000 Exception <a 'java/lang/NoSuchMethodError': java.lang.Object.lambda$comparingInt$7b0bb60$1(Ljava/util/function/ToIntFunction;Ljava/lang/Object;Ljava/lang/Object;)I> (0x00000000ee4d8ab0) thrown at [C:\re\workspace\8-2-build-windows-amd64-cygwin\jdk8u144\94
Event: 2.135 Thread 0x000000000349e000 Exception <a 'java/lang/IncompatibleClassChangeError': Found class java.lang.Object, but interface was expected> (0x00000000eda19418) thrown at [C:\re\workspace\8-2-build-windows-amd64-cygwin\jdk8u144\9417\hotspot\src\share\vm\interpreter\linkResolver.cpp
Event: 2.265 Thread 0x000000000349e000 Exception <a 'java/lang/ArrayIndexOutOfBoundsException': 65> (0x00000000edc3ff70) thrown at [C:\re\workspace\8-2-build-windows-amd64-cygwin\jdk8u144\9417\hotspot\src\share\vm\interpreter\interpreterRuntime.cpp, line 366]
Event: 2.266 Thread 0x000000000349e000 Exception <a 'java/lang/ArrayIndexOutOfBoundsException': 60> (0x00000000edc457c8) thrown at [C:\re\workspace\8-2-build-windows-amd64-cygwin\jdk8u144\9417\hotspot\src\share\vm\interpreter\interpreterRuntime.cpp, line 366]
Event: 3.967 Thread 0x00000000182cd000 Exception <a 'java/net/SocketTimeoutException': connect timed out> (0x00000000ee1b4560) thrown at [C:\re\workspace\8-2-build-windows-amd64-cygwin\jdk8u144\9417\hotspot\src\share\vm\prims\jni.cpp, line 735]
Event: 4.508 Thread 0x00000000182cd000 Exception <a 'java/net/SocketTimeoutException': connect timed out> (0x00000000ee1b5968) thrown at [C:\re\workspace\8-2-build-windows-amd64-cygwin\jdk8u144\9417\hotspot\src\share\vm\prims\jni.cpp, line 735]
Event: 4.599 Thread 0x000000000349e000 Exception <a 'java/lang/IncompatibleClassChangeError': Found class java.lang.Object, but interface was expected> (0x00000000ee29a528) thrown at [C:\re\workspace\8-2-build-windows-amd64-cygwin\jdk8u144\9417\hotspot\src\share\vm\interpreter\linkResolver.cpp
Event: 4.606 Thread 0x000000000349e000 Exception <a 'java/lang/NoSuchMethodError': java.lang.Object.lambda$or$2(Ljava/util/function/Predicate;Ljava/lang/Object;)Z> (0x00000000ee2a44d0) thrown at [C:\re\workspace\8-2-build-windows-amd64-cygwin\jdk8u144\9417\hotspot\src\share\vm\interpreter\link
Event: 4.802 Thread 0x000000000349e000 Exception <a 'java/lang/NoSuchMethodError': java.lang.Object.lambda$chars$0()Ljava/util/Spliterator$OfInt;> (0x00000000ee5c6280) thrown at [C:\re\workspace\8-2-build-windows-amd64-cygwin\jdk8u144\9417\hotspot\src\share\vm\interpreter\linkResolver.cpp, lin
Event: 5.422 Thread 0x000000000349e000 Exception <a 'java/lang/NoSuchMethodError': java.lang.Object.lambda$getResponseFunction$0(Lorg/openqa/selenium/remote/InitialHandshakeResponse;)Lorg/openqa/selenium/remote/ProtocolHandshake$Result;> (0x00000000ee119de8) thrown at [C:\re\workspace\8-2-buil

Events (10 events):
Event: 5.420 loading class org/openqa/selenium/remote/InitialHandshakeResponse
Event: 5.420 loading class org/openqa/selenium/remote/InitialHandshakeResponse done
Event: 5.420 loading class org/openqa/selenium/remote/ProtocolHandshake$Result
Event: 5.420 loading class org/openqa/selenium/remote/ProtocolHandshake$Result done
Event: 5.422 loading class org/openqa/selenium/remote/InitialHandshakeResponse
Event: 5.422 loading class org/openqa/selenium/remote/InitialHandshakeResponse done
Event: 5.422 loading class org/openqa/selenium/remote/HandshakeResponse
Event: 5.422 loading class org/openqa/selenium/remote/HandshakeResponse done
Event: 5.423 loading class org/openqa/selenium/remote/W3CHandshakeResponse
Event: 5.423 loading class org/openqa/selenium/remote/W3CHandshakeResponse done


Dynamic libraries:
0x00007ff61aa00000 - 0x00007ff61aa37000 	C:\Program Files\Java\jdk1.8.0_144\bin\javaw.exe
0x00007ffd2ecc0000 - 0x00007ffd2eeb0000 	C:\Windows\SYSTEM32\ntdll.dll
0x00007ffd2e350000 - 0x00007ffd2e402000 	C:\Windows\System32\KERNEL32.DLL
0x00007ffd2c260000 - 0x00007ffd2c505000 	C:\Windows\System32\KERNELBASE.dll
0x00007ffd2cdd0000 - 0x00007ffd2ce73000 	C:\Windows\System32\ADVAPI32.dll
0x00007ffd2e110000 - 0x00007ffd2e1ae000 	C:\Windows\System32\msvcrt.dll
0x00007ffd2df20000 - 0x00007ffd2dfb7000 	C:\Windows\System32\sechost.dll
0x00007ffd2dfc0000 - 0x00007ffd2e0df000 	C:\Windows\System32\RPCRT4.dll
0x00007ffd2e1b0000 - 0x00007ffd2e344000 	C:\Windows\System32\USER32.dll
0x00007ffd2cc90000 - 0x00007ffd2ccb1000 	C:\Windows\System32\win32u.dll
0x00007ffd2e0e0000 - 0x00007ffd2e106000 	C:\Windows\System32\GDI32.dll
0x00007ffd2be80000 - 0x00007ffd2c018000 	C:\Windows\System32\gdi32full.dll
0x00007ffd2bc50000 - 0x00007ffd2bcee000 	C:\Windows\System32\msvcp_win.dll
0x00007ffd2bd80000 - 0x00007ffd2be7a000 	C:\Windows\System32\ucrtbase.dll
0x00007ffd1da20000 - 0x00007ffd1dca4000 	C:\Windows\WinSxS\amd64_microsoft.windows.common-controls_6595b64144ccf1df_6.0.18362.1556_none_9e7e372fe45e41d5\COMCTL32.dll
0x00007ffd2ce80000 - 0x00007ffd2d1b6000 	C:\Windows\System32\combase.dll
0x00007ffd2c070000 - 0x00007ffd2c0f1000 	C:\Windows\System32\bcryptPrimitives.dll
0x00007ffd2e570000 - 0x00007ffd2e59e000 	C:\Windows\System32\IMM32.DLL
0x00007ffd17970000 - 0x00007ffd17c54000 	C:\Windows\pcdrm\NSCCOR0364.DLL
0x00007ffd2e410000 - 0x00007ffd2e567000 	C:\Windows\System32\ole32.dll
0x00007ffd1aa90000 - 0x00007ffd1aa99000 	C:\Windows\SYSTEM32\WSOCK32.dll
0x00007ffd2ea90000 - 0x00007ffd2eaff000 	C:\Windows\System32\WS2_32.dll
0x00007ffd231b0000 - 0x00007ffd231ba000 	C:\Windows\SYSTEM32\VERSION.dll
0x00007ffd2e750000 - 0x00007ffd2e758000 	C:\Windows\System32\psapi.dll
0x00007ffd2abb0000 - 0x00007ffd2abe1000 	C:\Windows\SYSTEM32\ntmarta.dll
0x00007ffd17d90000 - 0x00007ffd17dbe000 	C:\Windows\pcdrm\NBID64.dll
0x00007ffd2ebb0000 - 0x00007ffd2ec75000 	C:\Windows\System32\OLEAUT32.dll
0x00007ffd17850000 - 0x00007ffd17889000 	C:\Windows\pcdrm\NFD0164.dll
0x00007ffd2bcf0000 - 0x00007ffd2bd16000 	C:\Windows\System32\bcrypt.dll
0x00007ffd27fb0000 - 0x00007ffd2809f000 	C:\Windows\SYSTEM32\PROPSYS.dll
0x0000000002eb0000 - 0x0000000002f58000 	C:\Windows\System32\shcore.dll
0x0000000074260000 - 0x0000000074332000 	C:\Program Files\Java\jdk1.8.0_144\jre\bin\msvcr100.dll
0x00000000738c0000 - 0x000000007415d000 	C:\Program Files\Java\jdk1.8.0_144\jre\bin\server\jvm.dll
0x00007ffd282d0000 - 0x00007ffd282f4000 	C:\Windows\SYSTEM32\WINMM.dll
0x00007ffd28290000 - 0x00007ffd282bd000 	C:\Windows\SYSTEM32\WINMMBASE.dll
0x00007ffd2c020000 - 0x00007ffd2c06a000 	C:\Windows\System32\cfgmgr32.dll
0x0000000075690000 - 0x000000007569f000 	C:\Program Files\Java\jdk1.8.0_144\jre\bin\verify.dll
0x0000000074230000 - 0x0000000074259000 	C:\Program Files\Java\jdk1.8.0_144\jre\bin\java.dll
0x0000000074210000 - 0x0000000074226000 	C:\Program Files\Java\jdk1.8.0_144\jre\bin\zip.dll
0x00007ffd2d830000 - 0x00007ffd2df17000 	C:\Windows\System32\SHELL32.dll
0x0000000016be0000 - 0x000000001735b000 	C:\Windows\System32\windows.storage.dll
0x00007ffd2bc10000 - 0x00007ffd2bc2e000 	C:\Windows\System32\profapi.dll
0x00007ffd2bbc0000 - 0x00007ffd2bc0a000 	C:\Windows\System32\powrprof.dll
0x00007ffd2bb70000 - 0x00007ffd2bb80000 	C:\Windows\System32\UMPDC.dll
0x0000000002f60000 - 0x0000000002fb2000 	C:\Windows\System32\shlwapi.dll
0x00007ffd2bb80000 - 0x00007ffd2bb91000 	C:\Windows\System32\kernel.appcore.dll
0x00007ffd2bc30000 - 0x00007ffd2bc47000 	C:\Windows\System32\cryptsp.dll
0x00000000741f0000 - 0x000000007420a000 	C:\Program Files\Java\jdk1.8.0_144\jre\bin\net.dll
0x00007ffd2b350000 - 0x00007ffd2b3b7000 	C:\Windows\system32\mswsock.dll
0x00007ffd2b0a0000 - 0x00007ffd2b16b000 	C:\Windows\SYSTEM32\DNSAPI.dll
0x00007ffd2d250000 - 0x00007ffd2d258000 	C:\Windows\System32\NSI.dll
0x00007ffd2b060000 - 0x00007ffd2b09a000 	C:\Windows\SYSTEM32\IPHLPAPI.DLL
0x00007ffd1f340000 - 0x00007ffd1f34a000 	C:\Windows\System32\rasadhlp.dll
0x00007ffd29aa0000 - 0x00007ffd29b17000 	C:\Windows\System32\fwpuclnt.dll
0x00007ffd2aed0000 - 0x00007ffd2af03000 	C:\Windows\system32\rsaenh.dll
0x00007ffd2ba90000 - 0x00007ffd2bab5000 	C:\Windows\SYSTEM32\USERENV.dll
0x00007ffd2b520000 - 0x00007ffd2b52c000 	C:\Windows\SYSTEM32\CRYPTBASE.dll
0x00007ffd2a460000 - 0x00007ffd2a476000 	C:\Windows\SYSTEM32\dhcpcsvc6.DLL
0x00007ffd2a440000 - 0x00007ffd2a45c000 	C:\Windows\SYSTEM32\dhcpcsvc.DLL
0x00000000741d0000 - 0x00000000741e1000 	C:\Program Files\Java\jdk1.8.0_144\jre\bin\nio.dll
0x00000000741a0000 - 0x00000000741c4000 	C:\Program Files\Java\jdk1.8.0_144\jre\bin\sunec.dll
0x0000000074190000 - 0x000000007419b000 	C:\Program Files\Java\jdk1.8.0_144\jre\bin\sunmscapi.dll
0x00007ffd2c100000 - 0x00007ffd2c251000 	C:\Windows\System32\CRYPT32.dll
0x00007ffd2bba0000 - 0x00007ffd2bbb2000 	C:\Windows\System32\MSASN1.dll

VM Arguments:
jvm_args: -ea -Dfile.encoding=Cp1252 
java_command: org.testng.remote.RemoteTestNG -serport 53253 -protocol json -d C:\Users\HP\eclipse-workspace\Selenium\PageObjectModelProject\test-output C:\Users\HP\AppData\Local\Temp\testng-eclipse-1814389073\testng-customsuite.xml
java_class_path (initial): C:\Users\HP\eclipse\jee-2021-06\eclipse\configuration\org.eclipse.osgi\940\0\.cp\lib\testng-remote.jar;C:\Users\HP\eclipse-workspace\Selenium\PageObjectModelProject\target\test-classes;C:\Users\HP\eclipse-workspace\Selenium\PageObjectModelProject\target\classes;C:\Users\HP\.m2\repository\org\seleniumhq\selenium\selenium-java\3.141.59\selenium-java-3.141.59.jar;C:\Users\HP\.m2\repository\org\seleniumhq\selenium\selenium-api\3.141.59\selenium-api-3.141.59.jar;C:\Users\HP\.m2\repository\org\seleniumhq\selenium\selenium-chrome-driver\3.141.59\selenium-chrome-driver-3.141.59.jar;C:\Users\HP\.m2\repository\org\seleniumhq\selenium\selenium-edge-driver\3.141.59\selenium-edge-driver-3.141.59.jar;C:\Users\HP\.m2\repository\org\seleniumhq\selenium\selenium-firefox-driver\3.141.59\selenium-firefox-driver-3.141.59.jar;C:\Users\HP\.m2\repository\org\seleniumhq\selenium\selenium-ie-driver\3.141.59\selenium-ie-driver-3.141.59.jar;C:\Users\HP\.m2\repository\org\seleniumhq\selenium\selenium-opera-driver\3.141.59\selenium-opera-driver-3.141.59.jar;C:\Users\HP\.m2\repository\org\seleniumhq\selenium\selenium-remote-driver\3.141.59\selenium-remote-driver-3.141.59.jar;C:\Users\HP\.m2\repository\org\seleniumhq\selenium\selenium-safari-driver\3.141.59\selenium-safari-driver-3.141.59.jar;C:\Users\HP\.m2\repository\org\seleniumhq\selenium\selenium-support\3.141.59\selenium-support-3.141.59.jar;C:\Users\HP\.m2\repository\net\bytebuddy\byte-buddy\1.8.15\byte-buddy-1.8.15.jar;C:\Users\HP\.m2\repository\org\apache\commons\commons-exec\1.3\commons-exec-1.3.jar;C:\Users\HP\.m2\repository\com\google\guava\guava\25.0-jre\guava-25.0-jre.jar;C:\Users\HP\.m2\repository\com\google\code\findbugs\jsr305\1.3.9\jsr305-1.3.9.jar;C:\Users\HP\.m2\repository\org\checkerframework\checker-compat-qual\2.0.0\checker-compat-qual-2.0.0.jar;C:\Users\HP\.m2\repository\com\google\errorprone\error_prone_annotations\2.1.3\error_prone_annotations-2.1.3.jar;C:\Users\HP\.m2\repository\com\google\j
Launcher Type: SUN_STANDARD

Environment Variables:
PATH=C:/Users/HP/.p2/pool/plugins/org.eclipse.justj.openjdk.hotspot.jre.full.win32.x86_64_17.0.2.v20220201-1208/jre/bin/server;C:/Users/HP/.p2/pool/plugins/org.eclipse.justj.openjdk.hotspot.jre.full.win32.x86_64_17.0.2.v20220201-1208/jre/bin;C:\ProgramData\Oracle\Java\javapath;C:\Windows\system32;C:\Windows;C:\Windows\System32\Wbem;C:\Windows\System32\WindowsPowerShell\v1.0\;C:\Windows\System32\OpenSSH\;C:\Users\HP\AppData\Local\Microsoft\WindowsApps;;C:\Windows\System32;
USERNAME=HP
OS=Windows_NT
PROCESSOR_IDENTIFIER=AMD64 Family 22 Model 48 Stepping 1, AuthenticAMD



---------------  S Y S T E M  ---------------

OS: Windows 10.0 , 64 bit Build 18362 (10.0.18362.1500)

CPU:total 4 (initial active 4) (4 cores per cpu, 1 threads per core) family 22 model 48 stepping 1, cmov, cx8, fxsr, mmx, sse, sse2, sse3, ssse3, sse4.1, sse4.2, popcnt, avx, aes, clmul, mmxext, 3dnowpref, lzcnt, sse4a, tsc, tscinvbit, tscinv, bmi1

Memory: 4k page, physical 3636344k(335740k free), swap 9328756k(3120k free)

vm_info: Java HotSpot(TM) 64-Bit Server VM (25.144-b01) for windows-amd64 JRE (1.8.0_144-b01), built on Jul 21 2017 21:57:33 by "java_re" with MS VC++ 10.0 (VS2010)

time: Tue Jun 07 00:16:38 2022
elapsed time: 5 seconds (0d 0h 0m 5s)

